Using pre-set license
Built from '2020.2/staging' branch; Version is '2020.2.6f1 (8a2143876886) revision 9052483'; Using compiler version '192528614'; Build Type 'Release'
OS: 'Windows 10 Pro; OS build 18363.1440; Version 1909; 64bit' Language: 'en' Physical Memory: 7151 MB
BatchMode: 1, IsHumanControllingUs: 0, StartBugReporterOnCrash: 0, Is64bit: 1, IsPro: 0

 COMMAND LINE ARGUMENTS:
C:\Program Files\Unity\Editor\Unity.exe
-adb2
-batchMode
-noUpm
-name
AssetImportWorker4
-projectPath
C:/Unity/Roll Out!/Roll-Out/Roll Out!
-logFile
Logs/AssetImportWorker4.log
-srvPort
59985
Successfully changed project path to: C:/Unity/Roll Out!/Roll-Out/Roll Out!
C:/Unity/Roll Out!/Roll-Out/Roll Out!
Using Asset Import Pipeline V2.
Refreshing native plugins compatible for Editor in 132.13 ms, found 0 plugins.
Preloading 0 native plugins for Editor in 0.00 ms.
Initialize engine version: 2020.2.6f1 (8a2143876886)
[Subsystems] Discovering subsystems at path C:/Program Files/Unity/Editor/Data/Resources/UnitySubsystems
[Subsystems] Discovering subsystems at path C:/Unity/Roll Out!/Roll-Out/Roll Out!/Assets
GfxDevice: creating device client; threaded=0
Direct3D:
    Version:  Direct3D 11.0 [level 11.1]
    Renderer: NVIDIA GeForce GTX 1070 (ID=0x1b81)
    Vendor:   
    VRAM:     8088 MB
    Driver:   27.21.14.5671
Initialize mono
Mono path[0] = 'C:/Program Files/Unity/Editor/Data/Managed'
Mono path[1] = 'C:/Program Files/Unity/Editor/Data/MonoBleedingEdge/lib/mono/unityjit'
Mono config path = 'C:/Program Files/Unity/Editor/Data/MonoBleedingEdge/etc'
Using monoOptions --debugger-agent=transport=dt_socket,embedding=1,server=y,suspend=n,address=127.0.0.1:56312
Begin MonoManager ReloadAssembly
Registering precompiled unity dll's ...
Register platform support module: C:/Program Files/Unity/Editor/Data/PlaybackEngines/WindowsStandaloneSupport/UnityEditor.WindowsStandalone.Extensions.dll
Registered in 0.003283 seconds.
Native extension for WindowsStandalone target not found
Refreshing native plugins compatible for Editor in 130.14 ms, found 0 plugins.
Preloading 0 native plugins for Editor in 0.00 ms.
Invoked RoslynAnalysisRunner static constructor.
RoslynAnalysisRunner will not be running.
RoslynAnalysisRunner has terminated.
Mono: successfully reloaded assembly
- Completed reload, in  2.086 seconds
Platform modules already initialized, skipping
Registering precompiled user dll's ...
Registered in 0.002462 seconds.
Begin MonoManager ReloadAssembly
Native extension for WindowsStandalone target not found
Refreshing native plugins compatible for Editor in 135.05 ms, found 0 plugins.
Preloading 0 native plugins for Editor in 0.00 ms.
Invoked RoslynAnalysisRunner static constructor.
RoslynAnalysisRunner will not be running.
RoslynAnalysisRunner has terminated.
Mono: successfully reloaded assembly
- Completed reload, in  8.279 seconds
Platform modules already initialized, skipping
========================================================================
Worker process is ready to serve import requests
Shader 'Universal Render Pipeline/Particles/Lit': fallback shader 'Universal Render Pipeline/Particles/SimpleLit' not found
Shader 'Universal Render Pipeline/Particles/Lit': fallback shader 'Universal Render Pipeline/Particles/SimpleLit' not found
Launched and connected shader compiler UnityShaderCompiler.exe after 0.27 seconds
Refreshing native plugins compatible for Editor in 1.28 ms, found 0 plugins.
Preloading 0 native plugins for Editor in 0.00 ms.
Unloading 3494 Unused Serialized files (Serialized files now loaded: 0)
System memory in use before: 170.2 MB.
System memory in use after: 168.2 MB.

Unloading 128 unused Assets to reduce memory usage. Loaded Objects now: 3925.
Total: 8.703100 ms (FindLiveObjects: 0.847100 ms CreateObjectMapping: 0.353400 ms MarkObjects: 4.981000 ms  DeleteObjects: 2.518700 ms)

========================================================================
Received Import Request.
  path: Assets/Scripts/Player.cs
  artifactKey: Guid(4856706403cdb0749a3af22b1f198988) Importer(815301076,1909f56bfc062723c751e8b465ee728b)
Start importing Assets/Scripts/Player.cs using Guid(4856706403cdb0749a3af22b1f198988) Importer(815301076,1909f56bfc062723c751e8b465ee728b)  -> (artifact id: '74afd0c53b2f13363164752e78e9a692') in 0.108602 seconds
  Import took 0.181112 seconds .

========================================================================
Received Prepare
Registering precompiled user dll's ...
Registered in 0.002948 seconds.
Begin MonoManager ReloadAssembly
Native extension for WindowsStandalone target not found
Refreshing native plugins compatible for Editor in 1.08 ms, found 0 plugins.
Preloading 0 native plugins for Editor in 0.00 ms.
Warning: Annotation not found!
UnityEngine.StackTraceUtility:ExtractStackTrace ()
UnityEditor.ProBuilder.EditorUtility:SetGizmoIconEnabled (System.Type,bool) (at Library/PackageCache/com.unity.probuilder@4.5.0/Editor/EditorCore/EditorUtility.cs:593)
UnityEditor.ProBuilder.HierarchyListener:.cctor () (at Library/PackageCache/com.unity.probuilder@4.5.0/Editor/EditorCore/HierarchyListener.cs:21)
System.Runtime.CompilerServices.RuntimeHelpers:RunClassConstructor (System.RuntimeTypeHandle)
UnityEditor.EditorAssemblies:ProcessInitializeOnLoadAttributes (System.Type[])

[Library/PackageCache/com.unity.probuilder@4.5.0/Editor/EditorCore/EditorUtility.cs line 593]

Invoked RoslynAnalysisRunner static constructor.
RoslynAnalysisRunner will not be running.
RoslynAnalysisRunner has terminated.
Mono: successfully reloaded assembly
- Completed reload, in  2.300 seconds
Platform modules already initialized, skipping
Shader 'Universal Render Pipeline/Particles/Lit': fallback shader 'Universal Render Pipeline/Particles/SimpleLit' not found
Shader 'Universal Render Pipeline/Particles/Lit': fallback shader 'Universal Render Pipeline/Particles/SimpleLit' not found
Refreshing native plugins compatible for Editor in 1.16 ms, found 0 plugins.
Preloading 0 native plugins for Editor in 0.00 ms.
Unloading 3334 Unused Serialized files (Serialized files now loaded: 0)
System memory in use before: 160.7 MB.
System memory in use after: 158.7 MB.

Unloading 39 unused Assets to reduce memory usage. Loaded Objects now: 3927.
Total: 9.197900 ms (FindLiveObjects: 1.378300 ms CreateObjectMapping: 0.344200 ms MarkObjects: 5.135200 ms  DeleteObjects: 2.336800 ms)

========================================================================
Received Prepare
Registering precompiled user dll's ...
Registered in 0.002878 seconds.
Begin MonoManager ReloadAssembly
Native extension for WindowsStandalone target not found
Refreshing native plugins compatible for Editor in 1.09 ms, found 0 plugins.
Preloading 0 native plugins for Editor in 0.00 ms.
Warning: Annotation not found!
UnityEngine.StackTraceUtility:ExtractStackTrace ()
UnityEditor.ProBuilder.EditorUtility:SetGizmoIconEnabled (System.Type,bool) (at Library/PackageCache/com.unity.probuilder@4.5.0/Editor/EditorCore/EditorUtility.cs:593)
UnityEditor.ProBuilder.HierarchyListener:.cctor () (at Library/PackageCache/com.unity.probuilder@4.5.0/Editor/EditorCore/HierarchyListener.cs:21)
System.Runtime.CompilerServices.RuntimeHelpers:RunClassConstructor (System.RuntimeTypeHandle)
UnityEditor.EditorAssemblies:ProcessInitializeOnLoadAttributes (System.Type[])

[Library/PackageCache/com.unity.probuilder@4.5.0/Editor/EditorCore/EditorUtility.cs line 593]

Invoked RoslynAnalysisRunner static constructor.
RoslynAnalysisRunner will not be running.
RoslynAnalysisRunner has terminated.
Mono: successfully reloaded assembly
- Completed reload, in  1.912 seconds
Platform modules already initialized, skipping
Shader 'Universal Render Pipeline/Particles/Lit': fallback shader 'Universal Render Pipeline/Particles/SimpleLit' not found
Shader 'Universal Render Pipeline/Particles/Lit': fallback shader 'Universal Render Pipeline/Particles/SimpleLit' not found
Refreshing native plugins compatible for Editor in 1.09 ms, found 0 plugins.
Preloading 0 native plugins for Editor in 0.00 ms.
Unloading 3334 Unused Serialized files (Serialized files now loaded: 0)
System memory in use before: 160.7 MB.
System memory in use after: 158.8 MB.

Unloading 39 unused Assets to reduce memory usage. Loaded Objects now: 3929.
Total: 8.642900 ms (FindLiveObjects: 0.669600 ms CreateObjectMapping: 0.310400 ms MarkObjects: 5.309700 ms  DeleteObjects: 2.350900 ms)

========================================================================
Received Prepare
Registering precompiled user dll's ...
Registered in 0.002994 seconds.
Begin MonoManager ReloadAssembly
Native extension for WindowsStandalone target not found
Refreshing native plugins compatible for Editor in 1.08 ms, found 0 plugins.
Preloading 0 native plugins for Editor in 0.00 ms.
Warning: Annotation not found!
UnityEngine.StackTraceUtility:ExtractStackTrace ()
UnityEditor.ProBuilder.EditorUtility:SetGizmoIconEnabled (System.Type,bool) (at Library/PackageCache/com.unity.probuilder@4.5.0/Editor/EditorCore/EditorUtility.cs:593)
UnityEditor.ProBuilder.HierarchyListener:.cctor () (at Library/PackageCache/com.unity.probuilder@4.5.0/Editor/EditorCore/HierarchyListener.cs:21)
System.Runtime.CompilerServices.RuntimeHelpers:RunClassConstructor (System.RuntimeTypeHandle)
UnityEditor.EditorAssemblies:ProcessInitializeOnLoadAttributes (System.Type[])

[Library/PackageCache/com.unity.probuilder@4.5.0/Editor/EditorCore/EditorUtility.cs line 593]

Invoked RoslynAnalysisRunner static constructor.
RoslynAnalysisRunner will not be running.
RoslynAnalysisRunner has terminated.
Mono: successfully reloaded assembly
- Completed reload, in  2.009 seconds
Platform modules already initialized, skipping
Shader 'Universal Render Pipeline/Particles/Lit': fallback shader 'Universal Render Pipeline/Particles/SimpleLit' not found
Shader 'Universal Render Pipeline/Particles/Lit': fallback shader 'Universal Render Pipeline/Particles/SimpleLit' not found
Refreshing native plugins compatible for Editor in 1.18 ms, found 0 plugins.
Preloading 0 native plugins for Editor in 0.00 ms.
Unloading 3334 Unused Serialized files (Serialized files now loaded: 0)
System memory in use before: 160.8 MB.
System memory in use after: 158.8 MB.

Unloading 39 unused Assets to reduce memory usage. Loaded Objects now: 3931.
Total: 8.060700 ms (FindLiveObjects: 0.660300 ms CreateObjectMapping: 0.317900 ms MarkObjects: 4.659300 ms  DeleteObjects: 2.420800 ms)

========================================================================
Received Prepare
Registering precompiled user dll's ...
Registered in 0.003115 seconds.
Begin MonoManager ReloadAssembly
Native extension for WindowsStandalone target not found
Refreshing native plugins compatible for Editor in 1.08 ms, found 0 plugins.
Preloading 0 native plugins for Editor in 0.00 ms.
Warning: Annotation not found!
UnityEngine.StackTraceUtility:ExtractStackTrace ()
UnityEditor.ProBuilder.EditorUtility:SetGizmoIconEnabled (System.Type,bool) (at Library/PackageCache/com.unity.probuilder@4.5.0/Editor/EditorCore/EditorUtility.cs:593)
UnityEditor.ProBuilder.HierarchyListener:.cctor () (at Library/PackageCache/com.unity.probuilder@4.5.0/Editor/EditorCore/HierarchyListener.cs:21)
System.Runtime.CompilerServices.RuntimeHelpers:RunClassConstructor (System.RuntimeTypeHandle)
UnityEditor.EditorAssemblies:ProcessInitializeOnLoadAttributes (System.Type[])

[Library/PackageCache/com.unity.probuilder@4.5.0/Editor/EditorCore/EditorUtility.cs line 593]

Invoked RoslynAnalysisRunner static constructor.
RoslynAnalysisRunner will not be running.
RoslynAnalysisRunner has terminated.
Mono: successfully reloaded assembly
- Completed reload, in  1.915 seconds
Platform modules already initialized, skipping
Shader 'Universal Render Pipeline/Particles/Lit': fallback shader 'Universal Render Pipeline/Particles/SimpleLit' not found
Shader 'Universal Render Pipeline/Particles/Lit': fallback shader 'Universal Render Pipeline/Particles/SimpleLit' not found
Refreshing native plugins compatible for Editor in 1.08 ms, found 0 plugins.
Preloading 0 native plugins for Editor in 0.00 ms.
Unloading 3334 Unused Serialized files (Serialized files now loaded: 0)
System memory in use before: 160.8 MB.
System memory in use after: 158.8 MB.

Unloading 39 unused Assets to reduce memory usage. Loaded Objects now: 3933.
Total: 7.339400 ms (FindLiveObjects: 0.481100 ms CreateObjectMapping: 0.250600 ms MarkObjects: 4.255300 ms  DeleteObjects: 2.350200 ms)

========================================================================
Received Prepare
Registering precompiled user dll's ...
Registered in 0.002916 seconds.
Begin MonoManager ReloadAssembly
Native extension for WindowsStandalone target not found
Refreshing native plugins compatible for Editor in 1.13 ms, found 0 plugins.
Preloading 0 native plugins for Editor in 0.00 ms.
Warning: Annotation not found!
UnityEngine.StackTraceUtility:ExtractStackTrace ()
UnityEditor.ProBuilder.EditorUtility:SetGizmoIconEnabled (System.Type,bool) (at Library/PackageCache/com.unity.probuilder@4.5.0/Editor/EditorCore/EditorUtility.cs:593)
UnityEditor.ProBuilder.HierarchyListener:.cctor () (at Library/PackageCache/com.unity.probuilder@4.5.0/Editor/EditorCore/HierarchyListener.cs:21)
System.Runtime.CompilerServices.RuntimeHelpers:RunClassConstructor (System.RuntimeTypeHandle)
UnityEditor.EditorAssemblies:ProcessInitializeOnLoadAttributes (System.Type[])

[Library/PackageCache/com.unity.probuilder@4.5.0/Editor/EditorCore/EditorUtility.cs line 593]

Invoked RoslynAnalysisRunner static constructor.
RoslynAnalysisRunner will not be running.
RoslynAnalysisRunner has terminated.
Mono: successfully reloaded assembly
- Completed reload, in  1.908 seconds
Platform modules already initialized, skipping
Shader 'Universal Render Pipeline/Particles/Lit': fallback shader 'Universal Render Pipeline/Particles/SimpleLit' not found
Shader 'Universal Render Pipeline/Particles/Lit': fallback shader 'Universal Render Pipeline/Particles/SimpleLit' not found
Refreshing native plugins compatible for Editor in 1.08 ms, found 0 plugins.
Preloading 0 native plugins for Editor in 0.00 ms.
Unloading 3334 Unused Serialized files (Serialized files now loaded: 0)
System memory in use before: 160.8 MB.
System memory in use after: 158.9 MB.

Unloading 39 unused Assets to reduce memory usage. Loaded Objects now: 3935.
Total: 8.919300 ms (FindLiveObjects: 0.506300 ms CreateObjectMapping: 0.261500 ms MarkObjects: 5.758900 ms  DeleteObjects: 2.390600 ms)

========================================================================
Received Prepare
Registering precompiled user dll's ...
Registered in 0.003000 seconds.
Begin MonoManager ReloadAssembly
Native extension for WindowsStandalone target not found
Refreshing native plugins compatible for Editor in 1.09 ms, found 0 plugins.
Preloading 0 native plugins for Editor in 0.00 ms.
Warning: Annotation not found!
UnityEngine.StackTraceUtility:ExtractStackTrace ()
UnityEditor.ProBuilder.EditorUtility:SetGizmoIconEnabled (System.Type,bool) (at Library/PackageCache/com.unity.probuilder@4.5.0/Editor/EditorCore/EditorUtility.cs:593)
UnityEditor.ProBuilder.HierarchyListener:.cctor () (at Library/PackageCache/com.unity.probuilder@4.5.0/Editor/EditorCore/HierarchyListener.cs:21)
System.Runtime.CompilerServices.RuntimeHelpers:RunClassConstructor (System.RuntimeTypeHandle)
UnityEditor.EditorAssemblies:ProcessInitializeOnLoadAttributes (System.Type[])

[Library/PackageCache/com.unity.probuilder@4.5.0/Editor/EditorCore/EditorUtility.cs line 593]

Invoked RoslynAnalysisRunner static constructor.
RoslynAnalysisRunner will not be running.
RoslynAnalysisRunner has terminated.
Mono: successfully reloaded assembly
- Completed reload, in  1.994 seconds
Platform modules already initialized, skipping
Shader 'Universal Render Pipeline/Particles/Lit': fallback shader 'Universal Render Pipeline/Particles/SimpleLit' not found
Shader 'Universal Render Pipeline/Particles/Lit': fallback shader 'Universal Render Pipeline/Particles/SimpleLit' not found
Refreshing native plugins compatible for Editor in 1.07 ms, found 0 plugins.
Preloading 0 native plugins for Editor in 0.00 ms.
Unloading 3334 Unused Serialized files (Serialized files now loaded: 0)
System memory in use before: 160.8 MB.
System memory in use after: 158.9 MB.

Unloading 39 unused Assets to reduce memory usage. Loaded Objects now: 3937.
Total: 8.094800 ms (FindLiveObjects: 0.528000 ms CreateObjectMapping: 0.266700 ms MarkObjects: 4.997600 ms  DeleteObjects: 2.299800 ms)

========================================================================
Received Prepare
Registering precompiled user dll's ...
Registered in 0.002879 seconds.
Begin MonoManager ReloadAssembly
Native extension for WindowsStandalone target not found
Refreshing native plugins compatible for Editor in 1.08 ms, found 0 plugins.
Preloading 0 native plugins for Editor in 0.00 ms.
Warning: Annotation not found!
UnityEngine.StackTraceUtility:ExtractStackTrace ()
UnityEditor.ProBuilder.EditorUtility:SetGizmoIconEnabled (System.Type,bool) (at Library/PackageCache/com.unity.probuilder@4.5.0/Editor/EditorCore/EditorUtility.cs:593)
UnityEditor.ProBuilder.HierarchyListener:.cctor () (at Library/PackageCache/com.unity.probuilder@4.5.0/Editor/EditorCore/HierarchyListener.cs:21)
System.Runtime.CompilerServices.RuntimeHelpers:RunClassConstructor (System.RuntimeTypeHandle)
UnityEditor.EditorAssemblies:ProcessInitializeOnLoadAttributes (System.Type[])

[Library/PackageCache/com.unity.probuilder@4.5.0/Editor/EditorCore/EditorUtility.cs line 593]

Invoked RoslynAnalysisRunner static constructor.
RoslynAnalysisRunner will not be running.
RoslynAnalysisRunner has terminated.
Mono: successfully reloaded assembly
- Completed reload, in  1.806 seconds
Platform modules already initialized, skipping
Shader 'Universal Render Pipeline/Particles/Lit': fallback shader 'Universal Render Pipeline/Particles/SimpleLit' not found
Shader 'Universal Render Pipeline/Particles/Lit': fallback shader 'Universal Render Pipeline/Particles/SimpleLit' not found
Refreshing native plugins compatible for Editor in 1.09 ms, found 0 plugins.
Preloading 0 native plugins for Editor in 0.00 ms.
Unloading 3334 Unused Serialized files (Serialized files now loaded: 0)
System memory in use before: 160.8 MB.
System memory in use after: 158.9 MB.

Unloading 39 unused Assets to reduce memory usage. Loaded Objects now: 3939.
Total: 7.481400 ms (FindLiveObjects: 0.503700 ms CreateObjectMapping: 0.252900 ms MarkObjects: 4.310800 ms  DeleteObjects: 2.411900 ms)

========================================================================
Received Import Request.
  Time since last request: 692.400809 seconds.
  path: Assets/Scenes/Levels/Level 1.unity
  artifactKey: Guid(67adac43bcf286444be612074ab04f75) Importer(815301076,1909f56bfc062723c751e8b465ee728b)
Start importing Assets/Scenes/Levels/Level 1.unity using Guid(67adac43bcf286444be612074ab04f75) Importer(815301076,1909f56bfc062723c751e8b465ee728b)  -> (artifact id: '14298b98da9a8ef48f88ca687a0a404a') in 0.021750 seconds
  Import took 0.039268 seconds .

========================================================================
Received Prepare
Registering precompiled user dll's ...
Registered in 0.003184 seconds.
Begin MonoManager ReloadAssembly
Native extension for WindowsStandalone target not found
Refreshing native plugins compatible for Editor in 1.08 ms, found 0 plugins.
Preloading 0 native plugins for Editor in 0.00 ms.
Warning: Annotation not found!
UnityEngine.StackTraceUtility:ExtractStackTrace ()
UnityEditor.ProBuilder.EditorUtility:SetGizmoIconEnabled (System.Type,bool) (at Library/PackageCache/com.unity.probuilder@4.5.0/Editor/EditorCore/EditorUtility.cs:593)
UnityEditor.ProBuilder.HierarchyListener:.cctor () (at Library/PackageCache/com.unity.probuilder@4.5.0/Editor/EditorCore/HierarchyListener.cs:21)
System.Runtime.CompilerServices.RuntimeHelpers:RunClassConstructor (System.RuntimeTypeHandle)
UnityEditor.EditorAssemblies:ProcessInitializeOnLoadAttributes (System.Type[])

[Library/PackageCache/com.unity.probuilder@4.5.0/Editor/EditorCore/EditorUtility.cs line 593]

Invoked RoslynAnalysisRunner static constructor.
RoslynAnalysisRunner will not be running.
RoslynAnalysisRunner has terminated.
Mono: successfully reloaded assembly
- Completed reload, in  1.895 seconds
Platform modules already initialized, skipping
Shader 'Universal Render Pipeline/Particles/Lit': fallback shader 'Universal Render Pipeline/Particles/SimpleLit' not found
Shader 'Universal Render Pipeline/Particles/Lit': fallback shader 'Universal Render Pipeline/Particles/SimpleLit' not found
Refreshing native plugins compatible for Editor in 1.09 ms, found 0 plugins.
Preloading 0 native plugins for Editor in 0.00 ms.
Unloading 3334 Unused Serialized files (Serialized files now loaded: 0)
System memory in use before: 160.9 MB.
System memory in use after: 158.9 MB.

Unloading 39 unused Assets to reduce memory usage. Loaded Objects now: 3941.
Total: 7.687900 ms (FindLiveObjects: 0.493500 ms CreateObjectMapping: 0.252300 ms MarkObjects: 4.507600 ms  DeleteObjects: 2.432400 ms)

========================================================================
Received Prepare
Registering precompiled user dll's ...
Registered in 0.002906 seconds.
Begin MonoManager ReloadAssembly
Native extension for WindowsStandalone target not found
Refreshing native plugins compatible for Editor in 1.06 ms, found 0 plugins.
Preloading 0 native plugins for Editor in 0.00 ms.
Warning: Annotation not found!
UnityEngine.StackTraceUtility:ExtractStackTrace ()
UnityEditor.ProBuilder.EditorUtility:SetGizmoIconEnabled (System.Type,bool) (at Library/PackageCache/com.unity.probuilder@4.5.0/Editor/EditorCore/EditorUtility.cs:593)
UnityEditor.ProBuilder.HierarchyListener:.cctor () (at Library/PackageCache/com.unity.probuilder@4.5.0/Editor/EditorCore/HierarchyListener.cs:21)
System.Runtime.CompilerServices.RuntimeHelpers:RunClassConstructor (System.RuntimeTypeHandle)
UnityEditor.EditorAssemblies:ProcessInitializeOnLoadAttributes (System.Type[])

[Library/PackageCache/com.unity.probuilder@4.5.0/Editor/EditorCore/EditorUtility.cs line 593]

Invoked RoslynAnalysisRunner static constructor.
RoslynAnalysisRunner will not be running.
RoslynAnalysisRunner has terminated.
Mono: successfully reloaded assembly
- Completed reload, in  1.872 seconds
Platform modules already initialized, skipping
Shader 'Universal Render Pipeline/Particles/Lit': fallback shader 'Universal Render Pipeline/Particles/SimpleLit' not found
Shader 'Universal Render Pipeline/Particles/Lit': fallback shader 'Universal Render Pipeline/Particles/SimpleLit' not found
Refreshing native plugins compatible for Editor in 1.09 ms, found 0 plugins.
Preloading 0 native plugins for Editor in 0.00 ms.
Unloading 3334 Unused Serialized files (Serialized files now loaded: 0)
System memory in use before: 160.8 MB.
System memory in use after: 158.9 MB.

Unloading 39 unused Assets to reduce memory usage. Loaded Objects now: 3943.
Total: 7.415500 ms (FindLiveObjects: 0.489500 ms CreateObjectMapping: 0.256900 ms MarkObjects: 4.262800 ms  DeleteObjects: 2.404400 ms)

========================================================================
Received Prepare
Registering precompiled user dll's ...
Registered in 0.002877 seconds.
Begin MonoManager ReloadAssembly
Native extension for WindowsStandalone target not found
Refreshing native plugins compatible for Editor in 1.09 ms, found 0 plugins.
Preloading 0 native plugins for Editor in 0.00 ms.
Warning: Annotation not found!
UnityEngine.StackTraceUtility:ExtractStackTrace ()
UnityEditor.ProBuilder.EditorUtility:SetGizmoIconEnabled (System.Type,bool) (at Library/PackageCache/com.unity.probuilder@4.5.0/Editor/EditorCore/EditorUtility.cs:593)
UnityEditor.ProBuilder.HierarchyListener:.cctor () (at Library/PackageCache/com.unity.probuilder@4.5.0/Editor/EditorCore/HierarchyListener.cs:21)
System.Runtime.CompilerServices.RuntimeHelpers:RunClassConstructor (System.RuntimeTypeHandle)
UnityEditor.EditorAssemblies:ProcessInitializeOnLoadAttributes (System.Type[])

[Library/PackageCache/com.unity.probuilder@4.5.0/Editor/EditorCore/EditorUtility.cs line 593]

Invoked RoslynAnalysisRunner static constructor.
RoslynAnalysisRunner will not be running.
RoslynAnalysisRunner has terminated.
Mono: successfully reloaded assembly
- Completed reload, in  2.011 seconds
Platform modules already initialized, skipping
Shader 'Universal Render Pipeline/Particles/Lit': fallback shader 'Universal Render Pipeline/Particles/SimpleLit' not found
Shader 'Universal Render Pipeline/Particles/Lit': fallback shader 'Universal Render Pipeline/Particles/SimpleLit' not found
Refreshing native plugins compatible for Editor in 1.30 ms, found 0 plugins.
Preloading 0 native plugins for Editor in 0.00 ms.
Unloading 3334 Unused Serialized files (Serialized files now loaded: 0)
System memory in use before: 160.9 MB.
System memory in use after: 158.9 MB.

Unloading 39 unused Assets to reduce memory usage. Loaded Objects now: 3945.
Total: 7.797000 ms (FindLiveObjects: 0.507000 ms CreateObjectMapping: 0.253800 ms MarkObjects: 4.569200 ms  DeleteObjects: 2.464900 ms)

========================================================================
Received Prepare
Registering precompiled user dll's ...
Registered in 0.004432 seconds.
Begin MonoManager ReloadAssembly
Native extension for WindowsStandalone target not found
Refreshing native plugins compatible for Editor in 1.09 ms, found 0 plugins.
Preloading 0 native plugins for Editor in 0.00 ms.
Warning: Annotation not found!
UnityEngine.StackTraceUtility:ExtractStackTrace ()
UnityEditor.ProBuilder.EditorUtility:SetGizmoIconEnabled (System.Type,bool) (at Library/PackageCache/com.unity.probuilder@4.5.0/Editor/EditorCore/EditorUtility.cs:593)
UnityEditor.ProBuilder.HierarchyListener:.cctor () (at Library/PackageCache/com.unity.probuilder@4.5.0/Editor/EditorCore/HierarchyListener.cs:21)
System.Runtime.CompilerServices.RuntimeHelpers:RunClassConstructor (System.RuntimeTypeHandle)
UnityEditor.EditorAssemblies:ProcessInitializeOnLoadAttributes (System.Type[])

[Library/PackageCache/com.unity.probuilder@4.5.0/Editor/EditorCore/EditorUtility.cs line 593]

Invoked RoslynAnalysisRunner static constructor.
RoslynAnalysisRunner will not be running.
RoslynAnalysisRunner has terminated.
Mono: successfully reloaded assembly
- Completed reload, in  1.924 seconds
Platform modules already initialized, skipping
Shader 'Universal Render Pipeline/Particles/Lit': fallback shader 'Universal Render Pipeline/Particles/SimpleLit' not found
Shader 'Universal Render Pipeline/Particles/Lit': fallback shader 'Universal Render Pipeline/Particles/SimpleLit' not found
Refreshing native plugins compatible for Editor in 1.08 ms, found 0 plugins.
Preloading 0 native plugins for Editor in 0.00 ms.
Unloading 3334 Unused Serialized files (Serialized files now loaded: 0)
System memory in use before: 160.9 MB.
System memory in use after: 158.9 MB.

Unloading 39 unused Assets to reduce memory usage. Loaded Objects now: 3947.
Total: 7.528200 ms (FindLiveObjects: 0.497100 ms CreateObjectMapping: 0.248600 ms MarkObjects: 4.360600 ms  DeleteObjects: 2.419400 ms)

========================================================================
Received Prepare
Registering precompiled user dll's ...
Registered in 0.002960 seconds.
Begin MonoManager ReloadAssembly
Native extension for WindowsStandalone target not found
Refreshing native plugins compatible for Editor in 1.09 ms, found 0 plugins.
Preloading 0 native plugins for Editor in 0.00 ms.
Warning: Annotation not found!
UnityEngine.StackTraceUtility:ExtractStackTrace ()
UnityEditor.ProBuilder.EditorUtility:SetGizmoIconEnabled (System.Type,bool) (at Library/PackageCache/com.unity.probuilder@4.5.0/Editor/EditorCore/EditorUtility.cs:593)
UnityEditor.ProBuilder.HierarchyListener:.cctor () (at Library/PackageCache/com.unity.probuilder@4.5.0/Editor/EditorCore/HierarchyListener.cs:21)
System.Runtime.CompilerServices.RuntimeHelpers:RunClassConstructor (System.RuntimeTypeHandle)
UnityEditor.EditorAssemblies:ProcessInitializeOnLoadAttributes (System.Type[])

[Library/PackageCache/com.unity.probuilder@4.5.0/Editor/EditorCore/EditorUtility.cs line 593]

Invoked RoslynAnalysisRunner static constructor.
RoslynAnalysisRunner will not be running.
RoslynAnalysisRunner has terminated.
Mono: successfully reloaded assembly
- Completed reload, in  2.056 seconds
Platform modules already initialized, skipping
Shader 'Universal Render Pipeline/Particles/Lit': fallback shader 'Universal Render Pipeline/Particles/SimpleLit' not found
Shader 'Universal Render Pipeline/Particles/Lit': fallback shader 'Universal Render Pipeline/Particles/SimpleLit' not found
Refreshing native plugins compatible for Editor in 1.12 ms, found 0 plugins.
Preloading 0 native plugins for Editor in 0.00 ms.
Unloading 3334 Unused Serialized files (Serialized files now loaded: 0)
System memory in use before: 160.9 MB.
System memory in use after: 158.9 MB.

Unloading 39 unused Assets to reduce memory usage. Loaded Objects now: 3949.
Total: 7.632500 ms (FindLiveObjects: 0.498500 ms CreateObjectMapping: 0.282800 ms MarkObjects: 4.335100 ms  DeleteObjects: 2.514100 ms)

========================================================================
Received Prepare
Registering precompiled user dll's ...
Registered in 0.002911 seconds.
Begin MonoManager ReloadAssembly
Native extension for WindowsStandalone target not found
Refreshing native plugins compatible for Editor in 1.10 ms, found 0 plugins.
Preloading 0 native plugins for Editor in 0.00 ms.
Warning: Annotation not found!
UnityEngine.StackTraceUtility:ExtractStackTrace ()
UnityEditor.ProBuilder.EditorUtility:SetGizmoIconEnabled (System.Type,bool) (at Library/PackageCache/com.unity.probuilder@4.5.0/Editor/EditorCore/EditorUtility.cs:593)
UnityEditor.ProBuilder.HierarchyListener:.cctor () (at Library/PackageCache/com.unity.probuilder@4.5.0/Editor/EditorCore/HierarchyListener.cs:21)
System.Runtime.CompilerServices.RuntimeHelpers:RunClassConstructor (System.RuntimeTypeHandle)
UnityEditor.EditorAssemblies:ProcessInitializeOnLoadAttributes (System.Type[])

[Library/PackageCache/com.unity.probuilder@4.5.0/Editor/EditorCore/EditorUtility.cs line 593]

Invoked RoslynAnalysisRunner static constructor.
RoslynAnalysisRunner will not be running.
RoslynAnalysisRunner has terminated.
Mono: successfully reloaded assembly
- Completed reload, in  1.867 seconds
Platform modules already initialized, skipping
Shader 'Universal Render Pipeline/Particles/Lit': fallback shader 'Universal Render Pipeline/Particles/SimpleLit' not found
Shader 'Universal Render Pipeline/Particles/Lit': fallback shader 'Universal Render Pipeline/Particles/SimpleLit' not found
Refreshing native plugins compatible for Editor in 1.08 ms, found 0 plugins.
Preloading 0 native plugins for Editor in 0.00 ms.
Unloading 3334 Unused Serialized files (Serialized files now loaded: 0)
System memory in use before: 160.9 MB.
System memory in use after: 158.9 MB.

Unloading 39 unused Assets to reduce memory usage. Loaded Objects now: 3951.
Total: 8.339700 ms (FindLiveObjects: 0.803100 ms CreateObjectMapping: 0.338100 ms MarkObjects: 4.769500 ms  DeleteObjects: 2.426000 ms)

========================================================================
Received Prepare
Registering precompiled user dll's ...
Registered in 0.002951 seconds.
Begin MonoManager ReloadAssembly
Native extension for WindowsStandalone target not found
Refreshing native plugins compatible for Editor in 1.08 ms, found 0 plugins.
Preloading 0 native plugins for Editor in 0.00 ms.
Warning: Annotation not found!
UnityEngine.StackTraceUtility:ExtractStackTrace ()
UnityEditor.ProBuilder.EditorUtility:SetGizmoIconEnabled (System.Type,bool) (at Library/PackageCache/com.unity.probuilder@4.5.0/Editor/EditorCore/EditorUtility.cs:593)
UnityEditor.ProBuilder.HierarchyListener:.cctor () (at Library/PackageCache/com.unity.probuilder@4.5.0/Editor/EditorCore/HierarchyListener.cs:21)
System.Runtime.CompilerServices.RuntimeHelpers:RunClassConstructor (System.RuntimeTypeHandle)
UnityEditor.EditorAssemblies:ProcessInitializeOnLoadAttributes (System.Type[])

[Library/PackageCache/com.unity.probuilder@4.5.0/Editor/EditorCore/EditorUtility.cs line 593]

Invoked RoslynAnalysisRunner static constructor.
RoslynAnalysisRunner will not be running.
RoslynAnalysisRunner has terminated.
Mono: successfully reloaded assembly
- Completed reload, in  1.832 seconds
Platform modules already initialized, skipping
Shader 'Universal Render Pipeline/Particles/Lit': fallback shader 'Universal Render Pipeline/Particles/SimpleLit' not found
Shader 'Universal Render Pipeline/Particles/Lit': fallback shader 'Universal Render Pipeline/Particles/SimpleLit' not found
Refreshing native plugins compatible for Editor in 1.10 ms, found 0 plugins.
Preloading 0 native plugins for Editor in 0.00 ms.
Unloading 3334 Unused Serialized files (Serialized files now loaded: 0)
System memory in use before: 160.9 MB.
System memory in use after: 158.9 MB.

Unloading 39 unused Assets to reduce memory usage. Loaded Objects now: 3953.
Total: 7.702600 ms (FindLiveObjects: 0.507500 ms CreateObjectMapping: 0.250800 ms MarkObjects: 4.494500 ms  DeleteObjects: 2.447600 ms)

========================================================================
Received Prepare
Registering precompiled user dll's ...
Registered in 0.002875 seconds.
Begin MonoManager ReloadAssembly
Native extension for WindowsStandalone target not found
Refreshing native plugins compatible for Editor in 1.05 ms, found 0 plugins.
Preloading 0 native plugins for Editor in 0.00 ms.
Warning: Annotation not found!
UnityEngine.StackTraceUtility:ExtractStackTrace ()
UnityEditor.ProBuilder.EditorUtility:SetGizmoIconEnabled (System.Type,bool) (at Library/PackageCache/com.unity.probuilder@4.5.0/Editor/EditorCore/EditorUtility.cs:593)
UnityEditor.ProBuilder.HierarchyListener:.cctor () (at Library/PackageCache/com.unity.probuilder@4.5.0/Editor/EditorCore/HierarchyListener.cs:21)
System.Runtime.CompilerServices.RuntimeHelpers:RunClassConstructor (System.RuntimeTypeHandle)
UnityEditor.EditorAssemblies:ProcessInitializeOnLoadAttributes (System.Type[])

[Library/PackageCache/com.unity.probuilder@4.5.0/Editor/EditorCore/EditorUtility.cs line 593]

Invoked RoslynAnalysisRunner static constructor.
RoslynAnalysisRunner will not be running.
RoslynAnalysisRunner has terminated.
Mono: successfully reloaded assembly
- Completed reload, in  1.878 seconds
Platform modules already initialized, skipping
Shader 'Universal Render Pipeline/Particles/Lit': fallback shader 'Universal Render Pipeline/Particles/SimpleLit' not found
Shader 'Universal Render Pipeline/Particles/Lit': fallback shader 'Universal Render Pipeline/Particles/SimpleLit' not found
Refreshing native plugins compatible for Editor in 1.05 ms, found 0 plugins.
Preloading 0 native plugins for Editor in 0.00 ms.
Unloading 3334 Unused Serialized files (Serialized files now loaded: 0)
System memory in use before: 160.9 MB.
System memory in use after: 158.9 MB.

Unloading 39 unused Assets to reduce memory usage. Loaded Objects now: 3955.
Total: 9.111700 ms (FindLiveObjects: 0.481100 ms CreateObjectMapping: 0.255900 ms MarkObjects: 5.357800 ms  DeleteObjects: 3.014600 ms)

========================================================================
Received Prepare
Registering precompiled user dll's ...
Registered in 0.002864 seconds.
Begin MonoManager ReloadAssembly
Native extension for WindowsStandalone target not found
Refreshing native plugins compatible for Editor in 1.03 ms, found 0 plugins.
Preloading 0 native plugins for Editor in 0.00 ms.
Warning: Annotation not found!
UnityEngine.StackTraceUtility:ExtractStackTrace ()
UnityEditor.ProBuilder.EditorUtility:SetGizmoIconEnabled (System.Type,bool) (at Library/PackageCache/com.unity.probuilder@4.5.0/Editor/EditorCore/EditorUtility.cs:593)
UnityEditor.ProBuilder.HierarchyListener:.cctor () (at Library/PackageCache/com.unity.probuilder@4.5.0/Editor/EditorCore/HierarchyListener.cs:21)
System.Runtime.CompilerServices.RuntimeHelpers:RunClassConstructor (System.RuntimeTypeHandle)
UnityEditor.EditorAssemblies:ProcessInitializeOnLoadAttributes (System.Type[])

[Library/PackageCache/com.unity.probuilder@4.5.0/Editor/EditorCore/EditorUtility.cs line 593]

Invoked RoslynAnalysisRunner static constructor.
RoslynAnalysisRunner will not be running.
RoslynAnalysisRunner has terminated.
Mono: successfully reloaded assembly
- Completed reload, in  1.817 seconds
Platform modules already initialized, skipping
Shader 'Universal Render Pipeline/Particles/Lit': fallback shader 'Universal Render Pipeline/Particles/SimpleLit' not found
Shader 'Universal Render Pipeline/Particles/Lit': fallback shader 'Universal Render Pipeline/Particles/SimpleLit' not found
Refreshing native plugins compatible for Editor in 1.09 ms, found 0 plugins.
Preloading 0 native plugins for Editor in 0.00 ms.
Unloading 3334 Unused Serialized files (Serialized files now loaded: 0)
System memory in use before: 160.9 MB.
System memory in use after: 158.9 MB.

Unloading 39 unused Assets to reduce memory usage. Loaded Objects now: 3957.
Total: 7.559600 ms (FindLiveObjects: 0.500900 ms CreateObjectMapping: 0.249200 ms MarkObjects: 4.350900 ms  DeleteObjects: 2.456200 ms)

========================================================================
Received Prepare
Registering precompiled user dll's ...
Registered in 0.003307 seconds.
Begin MonoManager ReloadAssembly
Native extension for WindowsStandalone target not found
Refreshing native plugins compatible for Editor in 1.10 ms, found 0 plugins.
Preloading 0 native plugins for Editor in 0.00 ms.
Warning: Annotation not found!
UnityEngine.StackTraceUtility:ExtractStackTrace ()
UnityEditor.ProBuilder.EditorUtility:SetGizmoIconEnabled (System.Type,bool) (at Library/PackageCache/com.unity.probuilder@4.5.0/Editor/EditorCore/EditorUtility.cs:593)
UnityEditor.ProBuilder.HierarchyListener:.cctor () (at Library/PackageCache/com.unity.probuilder@4.5.0/Editor/EditorCore/HierarchyListener.cs:21)
System.Runtime.CompilerServices.RuntimeHelpers:RunClassConstructor (System.RuntimeTypeHandle)
UnityEditor.EditorAssemblies:ProcessInitializeOnLoadAttributes (System.Type[])

[Library/PackageCache/com.unity.probuilder@4.5.0/Editor/EditorCore/EditorUtility.cs line 593]

Invoked RoslynAnalysisRunner static constructor.
RoslynAnalysisRunner will not be running.
RoslynAnalysisRunner has terminated.
Mono: successfully reloaded assembly
- Completed reload, in  1.941 seconds
Platform modules already initialized, skipping
Shader 'Universal Render Pipeline/Particles/Lit': fallback shader 'Universal Render Pipeline/Particles/SimpleLit' not found
Shader 'Universal Render Pipeline/Particles/Lit': fallback shader 'Universal Render Pipeline/Particles/SimpleLit' not found
Refreshing native plugins compatible for Editor in 1.09 ms, found 0 plugins.
Preloading 0 native plugins for Editor in 0.00 ms.
Unloading 3334 Unused Serialized files (Serialized files now loaded: 0)
System memory in use before: 160.9 MB.
System memory in use after: 158.9 MB.

Unloading 39 unused Assets to reduce memory usage. Loaded Objects now: 3959.
Total: 7.699200 ms (FindLiveObjects: 0.528100 ms CreateObjectMapping: 0.254900 ms MarkObjects: 4.509800 ms  DeleteObjects: 2.403800 ms)

========================================================================
Received Prepare
Registering precompiled user dll's ...
Registered in 0.002894 seconds.
Begin MonoManager ReloadAssembly
Native extension for WindowsStandalone target not found
Refreshing native plugins compatible for Editor in 1.21 ms, found 0 plugins.
Preloading 0 native plugins for Editor in 0.00 ms.
Warning: Annotation not found!
UnityEngine.StackTraceUtility:ExtractStackTrace ()
UnityEditor.ProBuilder.EditorUtility:SetGizmoIconEnabled (System.Type,bool) (at Library/PackageCache/com.unity.probuilder@4.5.0/Editor/EditorCore/EditorUtility.cs:593)
UnityEditor.ProBuilder.HierarchyListener:.cctor () (at Library/PackageCache/com.unity.probuilder@4.5.0/Editor/EditorCore/HierarchyListener.cs:21)
System.Runtime.CompilerServices.RuntimeHelpers:RunClassConstructor (System.RuntimeTypeHandle)
UnityEditor.EditorAssemblies:ProcessInitializeOnLoadAttributes (System.Type[])

[Library/PackageCache/com.unity.probuilder@4.5.0/Editor/EditorCore/EditorUtility.cs line 593]

Invoked RoslynAnalysisRunner static constructor.
RoslynAnalysisRunner will not be running.
RoslynAnalysisRunner has terminated.
Mono: successfully reloaded assembly
- Completed reload, in  1.924 seconds
Platform modules already initialized, skipping
Shader 'Universal Render Pipeline/Particles/Lit': fallback shader 'Universal Render Pipeline/Particles/SimpleLit' not found
Shader 'Universal Render Pipeline/Particles/Lit': fallback shader 'Universal Render Pipeline/Particles/SimpleLit' not found
Refreshing native plugins compatible for Editor in 1.09 ms, found 0 plugins.
Preloading 0 native plugins for Editor in 0.00 ms.
Unloading 3334 Unused Serialized files (Serialized files now loaded: 0)
System memory in use before: 160.9 MB.
System memory in use after: 159.0 MB.

Unloading 39 unused Assets to reduce memory usage. Loaded Objects now: 3961.
Total: 7.573800 ms (FindLiveObjects: 0.508300 ms CreateObjectMapping: 0.251900 ms MarkObjects: 4.389400 ms  DeleteObjects: 2.422000 ms)

========================================================================
Received Import Request.
  Time since last request: 3186.975456 seconds.
  path: Assets/3D Models
  artifactKey: Guid(566bbf528e5adfe42a2d298282c76ca2) Importer(815301076,1909f56bfc062723c751e8b465ee728b)
Start importing Assets/3D Models using Guid(566bbf528e5adfe42a2d298282c76ca2) Importer(815301076,1909f56bfc062723c751e8b465ee728b)  -> (artifact id: 'f5e00a819b8b02ed717176023a9ea9e0') in 0.043859 seconds
  Import took 0.082363 seconds .

========================================================================
Received Import Request.
  Time since last request: 5.208085 seconds.
  path: Assets/3D Models/Roll Out! Coin.fbx
  artifactKey: Guid(e72689e934a9e1d4ca8087a85d0ea986) Importer(815301076,1909f56bfc062723c751e8b465ee728b)
Start importing Assets/3D Models/Roll Out! Coin.fbx using Guid(e72689e934a9e1d4ca8087a85d0ea986) Importer(815301076,1909f56bfc062723c751e8b465ee728b)  -> (artifact id: '700c1cc65471da291fd4371fb69a772e') in 1.079034 seconds
  Import took 1.100316 seconds .

========================================================================
Received Import Request.
  Time since last request: 0.029904 seconds.
  path: Assets/3D Models/Roll Out! Coin.fbx
  artifactKey: Guid(e72689e934a9e1d4ca8087a85d0ea986) Importer(815301076,1909f56bfc062723c751e8b465ee728b)
Start importing Assets/3D Models/Roll Out! Coin.fbx using Guid(e72689e934a9e1d4ca8087a85d0ea986) Importer(815301076,1909f56bfc062723c751e8b465ee728b)  -> (artifact id: '700c1cc65471da291fd4371fb69a772e') in 0.080215 seconds
  Import took 0.102507 seconds .

========================================================================
Received Import Request.
  Time since last request: 154.545425 seconds.
  path: Assets/3D Models/Roll Out! Coin.fbx
  artifactKey: Guid(e72689e934a9e1d4ca8087a85d0ea986) Importer(815301076,1909f56bfc062723c751e8b465ee728b)
Start importing Assets/3D Models/Roll Out! Coin.fbx using Guid(e72689e934a9e1d4ca8087a85d0ea986) Importer(815301076,1909f56bfc062723c751e8b465ee728b)  -> (artifact id: '3972fd9b77a0ae9c185062cfd116ce1e') in 0.063681 seconds
  Import took 0.087462 seconds .

========================================================================
Received Import Request.
  Time since last request: 29.785073 seconds.
  path: Assets/3D Models/Roll Out! Coin.fbx
  artifactKey: Guid(e72689e934a9e1d4ca8087a85d0ea986) Importer(815301076,1909f56bfc062723c751e8b465ee728b)
Start importing Assets/3D Models/Roll Out! Coin.fbx using Guid(e72689e934a9e1d4ca8087a85d0ea986) Importer(815301076,1909f56bfc062723c751e8b465ee728b)  -> (artifact id: 'b5a7e5c0c6acea7994277f6500bd03d2') in 0.062834 seconds
  Import took 0.085975 seconds .

========================================================================
Received Import Request.
  Time since last request: 20.768177 seconds.
  path: Assets/3D Models/Roll Out! Coin.fbx
  artifactKey: Guid(e72689e934a9e1d4ca8087a85d0ea986) Importer(815301076,1909f56bfc062723c751e8b465ee728b)
Start importing Assets/3D Models/Roll Out! Coin.fbx using Guid(e72689e934a9e1d4ca8087a85d0ea986) Importer(815301076,1909f56bfc062723c751e8b465ee728b)  -> (artifact id: '73e7909115f7f3df1631446f1ef49423') in 0.057927 seconds
  Import took 0.074024 seconds .

========================================================================
Received Import Request.
  Time since last request: 0.011271 seconds.
  path: Assets/3D Models/Roll Out! Coin.fbx
  artifactKey: Guid(e72689e934a9e1d4ca8087a85d0ea986) Importer(815301076,1909f56bfc062723c751e8b465ee728b)
Start importing Assets/3D Models/Roll Out! Coin.fbx using Guid(e72689e934a9e1d4ca8087a85d0ea986) Importer(815301076,1909f56bfc062723c751e8b465ee728b)  -> (artifact id: '73e7909115f7f3df1631446f1ef49423') in 0.058089 seconds
  Import took 0.067078 seconds .

========================================================================
Received Import Request.
  Time since last request: 4.598004 seconds.
  path: Assets/3D Models/Roll Out! Coin.fbx
  artifactKey: Guid(e72689e934a9e1d4ca8087a85d0ea986) Importer(815301076,1909f56bfc062723c751e8b465ee728b)
Start importing Assets/3D Models/Roll Out! Coin.fbx using Guid(e72689e934a9e1d4ca8087a85d0ea986) Importer(815301076,1909f56bfc062723c751e8b465ee728b)  -> (artifact id: 'fed9de5b43fe972f405caf111042c10d') in 0.060944 seconds
  Import took 0.103334 seconds .

========================================================================
Received Prepare
Registering precompiled user dll's ...
Registered in 0.002948 seconds.
Begin MonoManager ReloadAssembly
Native extension for WindowsStandalone target not found
Refreshing native plugins compatible for Editor in 1.11 ms, found 0 plugins.
Preloading 0 native plugins for Editor in 0.00 ms.
Warning: Annotation not found!
UnityEngine.StackTraceUtility:ExtractStackTrace ()
UnityEditor.ProBuilder.EditorUtility:SetGizmoIconEnabled (System.Type,bool) (at Library/PackageCache/com.unity.probuilder@4.5.0/Editor/EditorCore/EditorUtility.cs:593)
UnityEditor.ProBuilder.HierarchyListener:.cctor () (at Library/PackageCache/com.unity.probuilder@4.5.0/Editor/EditorCore/HierarchyListener.cs:21)
System.Runtime.CompilerServices.RuntimeHelpers:RunClassConstructor (System.RuntimeTypeHandle)
UnityEditor.EditorAssemblies:ProcessInitializeOnLoadAttributes (System.Type[])

[Library/PackageCache/com.unity.probuilder@4.5.0/Editor/EditorCore/EditorUtility.cs line 593]

Invoked RoslynAnalysisRunner static constructor.
RoslynAnalysisRunner will not be running.
RoslynAnalysisRunner has terminated.
Mono: successfully reloaded assembly
- Completed reload, in  2.090 seconds
Platform modules already initialized, skipping
Shader 'Universal Render Pipeline/Particles/Lit': fallback shader 'Universal Render Pipeline/Particles/SimpleLit' not found
Shader 'Universal Render Pipeline/Particles/Lit': fallback shader 'Universal Render Pipeline/Particles/SimpleLit' not found
Refreshing native plugins compatible for Editor in 1.08 ms, found 0 plugins.
Preloading 0 native plugins for Editor in 0.00 ms.
Unloading 3335 Unused Serialized files (Serialized files now loaded: 0)
System memory in use before: 166.1 MB.
System memory in use after: 164.1 MB.

Unloading 39 unused Assets to reduce memory usage. Loaded Objects now: 4045.
Total: 7.677700 ms (FindLiveObjects: 0.529600 ms CreateObjectMapping: 0.253900 ms MarkObjects: 4.607000 ms  DeleteObjects: 2.285000 ms)

========================================================================
Received Import Request.
  Time since last request: 254.300569 seconds.
  path: Assets/3D Models/Roll Out! Coin.fbx
  artifactKey: Guid(e72689e934a9e1d4ca8087a85d0ea986) Importer(815301076,1909f56bfc062723c751e8b465ee728b)
Start importing Assets/3D Models/Roll Out! Coin.fbx using Guid(e72689e934a9e1d4ca8087a85d0ea986) Importer(815301076,1909f56bfc062723c751e8b465ee728b)  -> (artifact id: '9d4f0b718551511a5474effa12f1967e') in 0.403483 seconds
  Import took 0.427063 seconds .

========================================================================
Received Prepare
Registering precompiled user dll's ...
Registered in 0.002916 seconds.
Begin MonoManager ReloadAssembly
Native extension for WindowsStandalone target not found
Refreshing native plugins compatible for Editor in 1.06 ms, found 0 plugins.
Preloading 0 native plugins for Editor in 0.00 ms.
Warning: Annotation not found!
UnityEngine.StackTraceUtility:ExtractStackTrace ()
UnityEditor.ProBuilder.EditorUtility:SetGizmoIconEnabled (System.Type,bool) (at Library/PackageCache/com.unity.probuilder@4.5.0/Editor/EditorCore/EditorUtility.cs:593)
UnityEditor.ProBuilder.HierarchyListener:.cctor () (at Library/PackageCache/com.unity.probuilder@4.5.0/Editor/EditorCore/HierarchyListener.cs:21)
System.Runtime.CompilerServices.RuntimeHelpers:RunClassConstructor (System.RuntimeTypeHandle)
UnityEditor.EditorAssemblies:ProcessInitializeOnLoadAttributes (System.Type[])

[Library/PackageCache/com.unity.probuilder@4.5.0/Editor/EditorCore/EditorUtility.cs line 593]

Invoked RoslynAnalysisRunner static constructor.
RoslynAnalysisRunner will not be running.
RoslynAnalysisRunner has terminated.
Mono: successfully reloaded assembly
- Completed reload, in  1.970 seconds
Platform modules already initialized, skipping
Shader 'Universal Render Pipeline/Particles/Lit': fallback shader 'Universal Render Pipeline/Particles/SimpleLit' not found
Shader 'Universal Render Pipeline/Particles/Lit': fallback shader 'Universal Render Pipeline/Particles/SimpleLit' not found
Refreshing native plugins compatible for Editor in 1.07 ms, found 0 plugins.
Preloading 0 native plugins for Editor in 0.00 ms.
Unloading 3335 Unused Serialized files (Serialized files now loaded: 0)
System memory in use before: 166.2 MB.
System memory in use after: 164.2 MB.

Unloading 39 unused Assets to reduce memory usage. Loaded Objects now: 4083.
Total: 7.768000 ms (FindLiveObjects: 0.545100 ms CreateObjectMapping: 0.255600 ms MarkObjects: 4.511300 ms  DeleteObjects: 2.454000 ms)

========================================================================
Received Import Request.
  Time since last request: 55.796703 seconds.
  path: Assets/Animations/Coins
  artifactKey: Guid(6978d3f2e76e24346be1dc9cf1f950bc) Importer(815301076,1909f56bfc062723c751e8b465ee728b)
Start importing Assets/Animations/Coins using Guid(6978d3f2e76e24346be1dc9cf1f950bc) Importer(815301076,1909f56bfc062723c751e8b465ee728b)  -> (artifact id: 'cc4269d79368e1c068bf292577de02ea') in 0.020178 seconds
  Import took 0.038847 seconds .

========================================================================
Received Import Request.
  Time since last request: 43.188527 seconds.
  path: Assets/3D Models/Roll Out! Coin.fbx
  artifactKey: Guid(e72689e934a9e1d4ca8087a85d0ea986) Importer(815301076,1909f56bfc062723c751e8b465ee728b)
Start importing Assets/3D Models/Roll Out! Coin.fbx using Guid(e72689e934a9e1d4ca8087a85d0ea986) Importer(815301076,1909f56bfc062723c751e8b465ee728b)  -> (artifact id: '2e42a7bc8e55e17f7ad37e97599bb351') in 0.387858 seconds
  Import took 0.415396 seconds .

========================================================================
Received Import Request.
  Time since last request: 2.786861 seconds.
  path: Assets/3D Models/Roll Out! Coin.fbx
  artifactKey: Guid(e72689e934a9e1d4ca8087a85d0ea986) Importer(815301076,1909f56bfc062723c751e8b465ee728b)
Start importing Assets/3D Models/Roll Out! Coin.fbx using Guid(e72689e934a9e1d4ca8087a85d0ea986) Importer(815301076,1909f56bfc062723c751e8b465ee728b)  -> (artifact id: '7d0c71d93de6e27745dfd3e4945e0176') in 0.059263 seconds
  Import took 0.069525 seconds .

========================================================================
Received Import Request.
  Time since last request: 0.003257 seconds.
  path: Assets/3D Models/Roll Out! Coin.fbx
  artifactKey: Guid(e72689e934a9e1d4ca8087a85d0ea986) Importer(815301076,1909f56bfc062723c751e8b465ee728b)
Start importing Assets/3D Models/Roll Out! Coin.fbx using Guid(e72689e934a9e1d4ca8087a85d0ea986) Importer(815301076,1909f56bfc062723c751e8b465ee728b)  -> (artifact id: '7d0c71d93de6e27745dfd3e4945e0176') in 0.057008 seconds
  Import took 0.066092 seconds .

========================================================================
Received Import Request.
  Time since last request: 13.572763 seconds.
  path: Assets/3D Models/Roll Out! Coin.fbx
  artifactKey: Guid(e72689e934a9e1d4ca8087a85d0ea986) Importer(815301076,1909f56bfc062723c751e8b465ee728b)
Start importing Assets/3D Models/Roll Out! Coin.fbx using Guid(e72689e934a9e1d4ca8087a85d0ea986) Importer(815301076,1909f56bfc062723c751e8b465ee728b)  -> (artifact id: '32cc9718143526a26d3f984b6668e489') in 0.058449 seconds
  Import took 0.072179 seconds .

========================================================================
Received Import Request.
  Time since last request: 0.004941 seconds.
  path: Assets/3D Models/Roll Out! Coin.fbx
  artifactKey: Guid(e72689e934a9e1d4ca8087a85d0ea986) Importer(815301076,1909f56bfc062723c751e8b465ee728b)
Start importing Assets/3D Models/Roll Out! Coin.fbx using Guid(e72689e934a9e1d4ca8087a85d0ea986) Importer(815301076,1909f56bfc062723c751e8b465ee728b)  -> (artifact id: '32cc9718143526a26d3f984b6668e489') in 0.056060 seconds
  Import took 0.065189 seconds .

========================================================================
Received Import Request.
  Time since last request: 8.497358 seconds.
  path: Assets/3D Models/Roll Out! Coin.fbx
  artifactKey: Guid(e72689e934a9e1d4ca8087a85d0ea986) Importer(815301076,1909f56bfc062723c751e8b465ee728b)
Start importing Assets/3D Models/Roll Out! Coin.fbx using Guid(e72689e934a9e1d4ca8087a85d0ea986) Importer(815301076,1909f56bfc062723c751e8b465ee728b)  -> (artifact id: 'c0ba52f63acf6a55c6516f65eaff769f') in 0.059650 seconds
  Import took 0.082569 seconds .

========================================================================
Received Import Request.
  Time since last request: 15.300681 seconds.
  path: Assets/3D Models/Roll Out! Coin.fbx
  artifactKey: Guid(e72689e934a9e1d4ca8087a85d0ea986) Importer(815301076,1909f56bfc062723c751e8b465ee728b)
Start importing Assets/3D Models/Roll Out! Coin.fbx using Guid(e72689e934a9e1d4ca8087a85d0ea986) Importer(815301076,1909f56bfc062723c751e8b465ee728b)  -> (artifact id: '636979af87e7c48746d6263cedcc56ef') in 0.058244 seconds
  Import took 0.068347 seconds .

========================================================================
Received Import Request.
  Time since last request: 0.008346 seconds.
  path: Assets/3D Models/Roll Out! Coin.fbx
  artifactKey: Guid(e72689e934a9e1d4ca8087a85d0ea986) Importer(815301076,1909f56bfc062723c751e8b465ee728b)
Start importing Assets/3D Models/Roll Out! Coin.fbx using Guid(e72689e934a9e1d4ca8087a85d0ea986) Importer(815301076,1909f56bfc062723c751e8b465ee728b)  -> (artifact id: '636979af87e7c48746d6263cedcc56ef') in 0.056863 seconds
  Import took 0.066228 seconds .

========================================================================
Received Import Request.
  Time since last request: 45.376776 seconds.
  path: Assets/3D Models/Roll Out! Coin.fbx
  artifactKey: Guid(e72689e934a9e1d4ca8087a85d0ea986) Importer(815301076,1909f56bfc062723c751e8b465ee728b)
Start importing Assets/3D Models/Roll Out! Coin.fbx using Guid(e72689e934a9e1d4ca8087a85d0ea986) Importer(815301076,1909f56bfc062723c751e8b465ee728b)  -> (artifact id: 'fff6f7010d343218bc5856a4923b2fab') in 0.062786 seconds
  Import took 0.078023 seconds .

========================================================================
Received Import Request.
  Time since last request: 7.873904 seconds.
  path: Assets/3D Models/Roll Out! Coin.fbx
  artifactKey: Guid(e72689e934a9e1d4ca8087a85d0ea986) Importer(815301076,1909f56bfc062723c751e8b465ee728b)
Start importing Assets/3D Models/Roll Out! Coin.fbx using Guid(e72689e934a9e1d4ca8087a85d0ea986) Importer(815301076,1909f56bfc062723c751e8b465ee728b)  -> (artifact id: 'a188abcaced8ddf92b32d7c9a1872bdd') in 0.057853 seconds
  Import took 0.073911 seconds .

========================================================================
Received Import Request.
  Time since last request: 0.000656 seconds.
  path: Assets/3D Models/Roll Out! Coin.fbx
  artifactKey: Guid(e72689e934a9e1d4ca8087a85d0ea986) Importer(815301076,1909f56bfc062723c751e8b465ee728b)
Start importing Assets/3D Models/Roll Out! Coin.fbx using Guid(e72689e934a9e1d4ca8087a85d0ea986) Importer(815301076,1909f56bfc062723c751e8b465ee728b)  -> (artifact id: 'a188abcaced8ddf92b32d7c9a1872bdd') in 0.056939 seconds
  Import took 0.065838 seconds .

========================================================================
Received Import Request.
  Time since last request: 56.386301 seconds.
  path: Assets/Animations/Coins/Coin.controller
  artifactKey: Guid(b95848030188d9a448212f92374718f9) Importer(815301076,1909f56bfc062723c751e8b465ee728b)
Start importing Assets/Animations/Coins/Coin.controller using Guid(b95848030188d9a448212f92374718f9) Importer(815301076,1909f56bfc062723c751e8b465ee728b)  -> (artifact id: 'e22bdabd44c0385a2ad98d6ec4ce1475') in 0.023711 seconds
  Import took 0.049163 seconds .

========================================================================
Received Import Request.
  Time since last request: 9.726111 seconds.
  path: Assets/Animations/Coins/Coin Rotate.anim
  artifactKey: Guid(e95c2cf3b23d13c43b4cd917ffb35129) Importer(815301076,1909f56bfc062723c751e8b465ee728b)
Start importing Assets/Animations/Coins/Coin Rotate.anim using Guid(e95c2cf3b23d13c43b4cd917ffb35129) Importer(815301076,1909f56bfc062723c751e8b465ee728b)  -> (artifact id: '7f14d8211fef93eb0898ccf17f663971') in 0.019567 seconds
  Import took 0.038120 seconds .

========================================================================
Received Import Request.
  Time since last request: 0.003441 seconds.
  path: Assets/Animations/Coins/Coin Rotate.anim
  artifactKey: Guid(e95c2cf3b23d13c43b4cd917ffb35129) Importer(815301076,1909f56bfc062723c751e8b465ee728b)
Start importing Assets/Animations/Coins/Coin Rotate.anim using Guid(e95c2cf3b23d13c43b4cd917ffb35129) Importer(815301076,1909f56bfc062723c751e8b465ee728b)  -> (artifact id: '7f14d8211fef93eb0898ccf17f663971') in 0.007673 seconds
  Import took 0.016714 seconds .

========================================================================
Received Prepare
Registering precompiled user dll's ...
Registered in 0.002889 seconds.
Begin MonoManager ReloadAssembly
Native extension for WindowsStandalone target not found
Refreshing native plugins compatible for Editor in 1.08 ms, found 0 plugins.
Preloading 0 native plugins for Editor in 0.00 ms.
Warning: Annotation not found!
UnityEngine.StackTraceUtility:ExtractStackTrace ()
UnityEditor.ProBuilder.EditorUtility:SetGizmoIconEnabled (System.Type,bool) (at Library/PackageCache/com.unity.probuilder@4.5.0/Editor/EditorCore/EditorUtility.cs:593)
UnityEditor.ProBuilder.HierarchyListener:.cctor () (at Library/PackageCache/com.unity.probuilder@4.5.0/Editor/EditorCore/HierarchyListener.cs:21)
System.Runtime.CompilerServices.RuntimeHelpers:RunClassConstructor (System.RuntimeTypeHandle)
UnityEditor.EditorAssemblies:ProcessInitializeOnLoadAttributes (System.Type[])

[Library/PackageCache/com.unity.probuilder@4.5.0/Editor/EditorCore/EditorUtility.cs line 593]

Invoked RoslynAnalysisRunner static constructor.
RoslynAnalysisRunner will not be running.
RoslynAnalysisRunner has terminated.
Mono: successfully reloaded assembly
- Completed reload, in  2.017 seconds
Platform modules already initialized, skipping
Shader 'Universal Render Pipeline/Particles/Lit': fallback shader 'Universal Render Pipeline/Particles/SimpleLit' not found
Shader 'Universal Render Pipeline/Particles/Lit': fallback shader 'Universal Render Pipeline/Particles/SimpleLit' not found
Refreshing native plugins compatible for Editor in 1.10 ms, found 0 plugins.
Preloading 0 native plugins for Editor in 0.00 ms.
Unloading 3335 Unused Serialized files (Serialized files now loaded: 0)
System memory in use before: 166.4 MB.
System memory in use after: 164.4 MB.

Unloading 39 unused Assets to reduce memory usage. Loaded Objects now: 4121.
Total: 8.006600 ms (FindLiveObjects: 0.545600 ms CreateObjectMapping: 0.255200 ms MarkObjects: 4.763900 ms  DeleteObjects: 2.439800 ms)

========================================================================
Received Import Request.
  Time since last request: 906.234914 seconds.
  path: Assets/Animations/Coins/Coin Hiver.anim
  artifactKey: Guid(e95c2cf3b23d13c43b4cd917ffb35129) Importer(815301076,1909f56bfc062723c751e8b465ee728b)
Start importing Assets/Animations/Coins/Coin Hiver.anim using Guid(e95c2cf3b23d13c43b4cd917ffb35129) Importer(815301076,1909f56bfc062723c751e8b465ee728b)  -> (artifact id: '0bba8cd0f567dc4247c221cecef81d1c') in 0.028037 seconds
  Import took 0.039106 seconds .

========================================================================
Received Import Request.
  Time since last request: 7.306431 seconds.
  path: Assets/Animations/Coins/Coin Float.anim
  artifactKey: Guid(e95c2cf3b23d13c43b4cd917ffb35129) Importer(815301076,1909f56bfc062723c751e8b465ee728b)
Start importing Assets/Animations/Coins/Coin Float.anim using Guid(e95c2cf3b23d13c43b4cd917ffb35129) Importer(815301076,1909f56bfc062723c751e8b465ee728b)  -> (artifact id: '8d7012ce853002a577b9067acf618597') in 0.014343 seconds
  Import took 0.037524 seconds .

========================================================================
Received Import Request.
  Time since last request: 0.008855 seconds.
  path: Assets/Animations/Coins/Coin Float.anim
  artifactKey: Guid(e95c2cf3b23d13c43b4cd917ffb35129) Importer(815301076,1909f56bfc062723c751e8b465ee728b)
Start importing Assets/Animations/Coins/Coin Float.anim using Guid(e95c2cf3b23d13c43b4cd917ffb35129) Importer(815301076,1909f56bfc062723c751e8b465ee728b)  -> (artifact id: '8d7012ce853002a577b9067acf618597') in 0.006019 seconds
  Import took 0.015347 seconds .

========================================================================
Received Import Request.
  Time since last request: 51.887907 seconds.
  path: Assets/Scripts/Coins.cs
  artifactKey: Guid(de0a0b91be31fad449f9ed4bb9a5eff9) Importer(815301076,1909f56bfc062723c751e8b465ee728b)
Start importing Assets/Scripts/Coins.cs using Guid(de0a0b91be31fad449f9ed4bb9a5eff9) Importer(815301076,1909f56bfc062723c751e8b465ee728b)  -> (artifact id: '5043f380197c63b4ae40b3aaf122ab17') in 0.005117 seconds
  Import took 0.014442 seconds .

========================================================================
Received Import Request.
  Time since last request: 0.001601 seconds.
  path: Assets/Scripts/Coins.cs
  artifactKey: Guid(de0a0b91be31fad449f9ed4bb9a5eff9) Importer(815301076,1909f56bfc062723c751e8b465ee728b)
Start importing Assets/Scripts/Coins.cs using Guid(de0a0b91be31fad449f9ed4bb9a5eff9) Importer(815301076,1909f56bfc062723c751e8b465ee728b)  -> (artifact id: '5043f380197c63b4ae40b3aaf122ab17') in 0.005066 seconds
  Import took 0.013808 seconds .

========================================================================
Received Import Request.
  Time since last request: 25.465955 seconds.
  path: Assets/Scripts/Coins.cs
  artifactKey: Guid(de0a0b91be31fad449f9ed4bb9a5eff9) Importer(815301076,1909f56bfc062723c751e8b465ee728b)
Start importing Assets/Scripts/Coins.cs using Guid(de0a0b91be31fad449f9ed4bb9a5eff9) Importer(815301076,1909f56bfc062723c751e8b465ee728b)  -> (artifact id: '5adac9a96f84b934608003df3a5dad41') in 0.005877 seconds
  Import took 0.030791 seconds .

========================================================================
Received Import Request.
  Time since last request: 0.105607 seconds.
  path: Assets/Scripts/Coins.cs
  artifactKey: Guid(de0a0b91be31fad449f9ed4bb9a5eff9) Importer(815301076,1909f56bfc062723c751e8b465ee728b)
Start importing Assets/Scripts/Coins.cs using Guid(de0a0b91be31fad449f9ed4bb9a5eff9) Importer(815301076,1909f56bfc062723c751e8b465ee728b)  -> (artifact id: '5adac9a96f84b934608003df3a5dad41') in 0.004934 seconds
  Import took 0.016381 seconds .

========================================================================
Received Prepare
Registering precompiled user dll's ...
Registered in 0.002895 seconds.
Begin MonoManager ReloadAssembly
Native extension for WindowsStandalone target not found
Refreshing native plugins compatible for Editor in 1.51 ms, found 0 plugins.
Preloading 0 native plugins for Editor in 0.00 ms.
Warning: Annotation not found!
UnityEngine.StackTraceUtility:ExtractStackTrace ()
UnityEditor.ProBuilder.EditorUtility:SetGizmoIconEnabled (System.Type,bool) (at Library/PackageCache/com.unity.probuilder@4.5.0/Editor/EditorCore/EditorUtility.cs:593)
UnityEditor.ProBuilder.HierarchyListener:.cctor () (at Library/PackageCache/com.unity.probuilder@4.5.0/Editor/EditorCore/HierarchyListener.cs:21)
System.Runtime.CompilerServices.RuntimeHelpers:RunClassConstructor (System.RuntimeTypeHandle)
UnityEditor.EditorAssemblies:ProcessInitializeOnLoadAttributes (System.Type[])

[Library/PackageCache/com.unity.probuilder@4.5.0/Editor/EditorCore/EditorUtility.cs line 593]

Invoked RoslynAnalysisRunner static constructor.
RoslynAnalysisRunner will not be running.
RoslynAnalysisRunner has terminated.
Mono: successfully reloaded assembly
- Completed reload, in  2.218 seconds
Platform modules already initialized, skipping
Shader 'Universal Render Pipeline/Particles/Lit': fallback shader 'Universal Render Pipeline/Particles/SimpleLit' not found
Shader 'Universal Render Pipeline/Particles/Lit': fallback shader 'Universal Render Pipeline/Particles/SimpleLit' not found
Refreshing native plugins compatible for Editor in 1.22 ms, found 0 plugins.
Preloading 0 native plugins for Editor in 0.00 ms.
Unloading 3334 Unused Serialized files (Serialized files now loaded: 0)
System memory in use before: 166.4 MB.
System memory in use after: 164.4 MB.

Unloading 39 unused Assets to reduce memory usage. Loaded Objects now: 4122.
Total: 7.526000 ms (FindLiveObjects: 0.555800 ms CreateObjectMapping: 0.247700 ms MarkObjects: 4.423600 ms  DeleteObjects: 2.296900 ms)

========================================================================
Received Prepare
Registering precompiled user dll's ...
Registered in 0.002930 seconds.
Begin MonoManager ReloadAssembly
Native extension for WindowsStandalone target not found
Refreshing native plugins compatible for Editor in 1.09 ms, found 0 plugins.
Preloading 0 native plugins for Editor in 0.00 ms.
Warning: Annotation not found!
UnityEngine.StackTraceUtility:ExtractStackTrace ()
UnityEditor.ProBuilder.EditorUtility:SetGizmoIconEnabled (System.Type,bool) (at Library/PackageCache/com.unity.probuilder@4.5.0/Editor/EditorCore/EditorUtility.cs:593)
UnityEditor.ProBuilder.HierarchyListener:.cctor () (at Library/PackageCache/com.unity.probuilder@4.5.0/Editor/EditorCore/HierarchyListener.cs:21)
System.Runtime.CompilerServices.RuntimeHelpers:RunClassConstructor (System.RuntimeTypeHandle)
UnityEditor.EditorAssemblies:ProcessInitializeOnLoadAttributes (System.Type[])

[Library/PackageCache/com.unity.probuilder@4.5.0/Editor/EditorCore/EditorUtility.cs line 593]

Invoked RoslynAnalysisRunner static constructor.
RoslynAnalysisRunner will not be running.
RoslynAnalysisRunner has terminated.
Mono: successfully reloaded assembly
- Completed reload, in  1.948 seconds
Platform modules already initialized, skipping
Shader 'Universal Render Pipeline/Particles/Lit': fallback shader 'Universal Render Pipeline/Particles/SimpleLit' not found
Shader 'Universal Render Pipeline/Particles/Lit': fallback shader 'Universal Render Pipeline/Particles/SimpleLit' not found
Refreshing native plugins compatible for Editor in 1.07 ms, found 0 plugins.
Preloading 0 native plugins for Editor in 0.00 ms.
Unloading 3334 Unused Serialized files (Serialized files now loaded: 0)
System memory in use before: 166.4 MB.
System memory in use after: 164.4 MB.

Unloading 39 unused Assets to reduce memory usage. Loaded Objects now: 4124.
Total: 7.869600 ms (FindLiveObjects: 0.558400 ms CreateObjectMapping: 0.251300 ms MarkObjects: 4.600200 ms  DeleteObjects: 2.457800 ms)

========================================================================
Received Prepare
Registering precompiled user dll's ...
Registered in 0.003268 seconds.
Begin MonoManager ReloadAssembly
Native extension for WindowsStandalone target not found
Refreshing native plugins compatible for Editor in 1.07 ms, found 0 plugins.
Preloading 0 native plugins for Editor in 0.00 ms.
Warning: Annotation not found!
UnityEngine.StackTraceUtility:ExtractStackTrace ()
UnityEditor.ProBuilder.EditorUtility:SetGizmoIconEnabled (System.Type,bool) (at Library/PackageCache/com.unity.probuilder@4.5.0/Editor/EditorCore/EditorUtility.cs:593)
UnityEditor.ProBuilder.HierarchyListener:.cctor () (at Library/PackageCache/com.unity.probuilder@4.5.0/Editor/EditorCore/HierarchyListener.cs:21)
System.Runtime.CompilerServices.RuntimeHelpers:RunClassConstructor (System.RuntimeTypeHandle)
UnityEditor.EditorAssemblies:ProcessInitializeOnLoadAttributes (System.Type[])

[Library/PackageCache/com.unity.probuilder@4.5.0/Editor/EditorCore/EditorUtility.cs line 593]

Invoked RoslynAnalysisRunner static constructor.
RoslynAnalysisRunner will not be running.
RoslynAnalysisRunner has terminated.
Mono: successfully reloaded assembly
- Completed reload, in  1.894 seconds
Platform modules already initialized, skipping
Shader 'Universal Render Pipeline/Particles/Lit': fallback shader 'Universal Render Pipeline/Particles/SimpleLit' not found
Shader 'Universal Render Pipeline/Particles/Lit': fallback shader 'Universal Render Pipeline/Particles/SimpleLit' not found
Refreshing native plugins compatible for Editor in 1.09 ms, found 0 plugins.
Preloading 0 native plugins for Editor in 0.00 ms.
Unloading 3335 Unused Serialized files (Serialized files now loaded: 0)
System memory in use before: 166.4 MB.
System memory in use after: 164.5 MB.

Unloading 39 unused Assets to reduce memory usage. Loaded Objects now: 4127.
Total: 7.889400 ms (FindLiveObjects: 0.568600 ms CreateObjectMapping: 0.262400 ms MarkObjects: 4.554800 ms  DeleteObjects: 2.500600 ms)

========================================================================
Received Prepare
Registering precompiled user dll's ...
Registered in 0.002832 seconds.
Begin MonoManager ReloadAssembly
Native extension for WindowsStandalone target not found
Refreshing native plugins compatible for Editor in 1.08 ms, found 0 plugins.
Preloading 0 native plugins for Editor in 0.00 ms.
Warning: Annotation not found!
UnityEngine.StackTraceUtility:ExtractStackTrace ()
UnityEditor.ProBuilder.EditorUtility:SetGizmoIconEnabled (System.Type,bool) (at Library/PackageCache/com.unity.probuilder@4.5.0/Editor/EditorCore/EditorUtility.cs:593)
UnityEditor.ProBuilder.HierarchyListener:.cctor () (at Library/PackageCache/com.unity.probuilder@4.5.0/Editor/EditorCore/HierarchyListener.cs:21)
System.Runtime.CompilerServices.RuntimeHelpers:RunClassConstructor (System.RuntimeTypeHandle)
UnityEditor.EditorAssemblies:ProcessInitializeOnLoadAttributes (System.Type[])

[Library/PackageCache/com.unity.probuilder@4.5.0/Editor/EditorCore/EditorUtility.cs line 593]

Invoked RoslynAnalysisRunner static constructor.
RoslynAnalysisRunner will not be running.
RoslynAnalysisRunner has terminated.
Mono: successfully reloaded assembly
- Completed reload, in  1.905 seconds
Platform modules already initialized, skipping
Shader 'Universal Render Pipeline/Particles/Lit': fallback shader 'Universal Render Pipeline/Particles/SimpleLit' not found
Shader 'Universal Render Pipeline/Particles/Lit': fallback shader 'Universal Render Pipeline/Particles/SimpleLit' not found
Refreshing native plugins compatible for Editor in 1.08 ms, found 0 plugins.
Preloading 0 native plugins for Editor in 0.00 ms.
Unloading 3335 Unused Serialized files (Serialized files now loaded: 0)
System memory in use before: 166.4 MB.
System memory in use after: 164.5 MB.

Unloading 39 unused Assets to reduce memory usage. Loaded Objects now: 4129.
Total: 8.123600 ms (FindLiveObjects: 0.536900 ms CreateObjectMapping: 0.252600 ms MarkObjects: 4.769700 ms  DeleteObjects: 2.562100 ms)

========================================================================
Received Prepare
Registering precompiled user dll's ...
Registered in 0.002906 seconds.
Begin MonoManager ReloadAssembly
Native extension for WindowsStandalone target not found
Refreshing native plugins compatible for Editor in 1.11 ms, found 0 plugins.
Preloading 0 native plugins for Editor in 0.00 ms.
Warning: Annotation not found!
UnityEngine.StackTraceUtility:ExtractStackTrace ()
UnityEditor.ProBuilder.EditorUtility:SetGizmoIconEnabled (System.Type,bool) (at Library/PackageCache/com.unity.probuilder@4.5.0/Editor/EditorCore/EditorUtility.cs:593)
UnityEditor.ProBuilder.HierarchyListener:.cctor () (at Library/PackageCache/com.unity.probuilder@4.5.0/Editor/EditorCore/HierarchyListener.cs:21)
System.Runtime.CompilerServices.RuntimeHelpers:RunClassConstructor (System.RuntimeTypeHandle)
UnityEditor.EditorAssemblies:ProcessInitializeOnLoadAttributes (System.Type[])

[Library/PackageCache/com.unity.probuilder@4.5.0/Editor/EditorCore/EditorUtility.cs line 593]

Invoked RoslynAnalysisRunner static constructor.
RoslynAnalysisRunner will not be running.
RoslynAnalysisRunner has terminated.
Mono: successfully reloaded assembly
- Completed reload, in  2.017 seconds
Platform modules already initialized, skipping
Shader 'Universal Render Pipeline/Particles/Lit': fallback shader 'Universal Render Pipeline/Particles/SimpleLit' not found
Shader 'Universal Render Pipeline/Particles/Lit': fallback shader 'Universal Render Pipeline/Particles/SimpleLit' not found
Refreshing native plugins compatible for Editor in 1.11 ms, found 0 plugins.
Preloading 0 native plugins for Editor in 0.00 ms.
Unloading 3335 Unused Serialized files (Serialized files now loaded: 0)
System memory in use before: 166.5 MB.
System memory in use after: 164.5 MB.

Unloading 39 unused Assets to reduce memory usage. Loaded Objects now: 4131.
Total: 8.038400 ms (FindLiveObjects: 0.576300 ms CreateObjectMapping: 0.249500 ms MarkObjects: 4.646400 ms  DeleteObjects: 2.563700 ms)

========================================================================
Received Prepare
Registering precompiled user dll's ...
Registered in 0.002932 seconds.
Begin MonoManager ReloadAssembly
Native extension for WindowsStandalone target not found
Refreshing native plugins compatible for Editor in 1.25 ms, found 0 plugins.
Preloading 0 native plugins for Editor in 0.00 ms.
Warning: Annotation not found!
UnityEngine.StackTraceUtility:ExtractStackTrace ()
UnityEditor.ProBuilder.EditorUtility:SetGizmoIconEnabled (System.Type,bool) (at Library/PackageCache/com.unity.probuilder@4.5.0/Editor/EditorCore/EditorUtility.cs:593)
UnityEditor.ProBuilder.HierarchyListener:.cctor () (at Library/PackageCache/com.unity.probuilder@4.5.0/Editor/EditorCore/HierarchyListener.cs:21)
System.Runtime.CompilerServices.RuntimeHelpers:RunClassConstructor (System.RuntimeTypeHandle)
UnityEditor.EditorAssemblies:ProcessInitializeOnLoadAttributes (System.Type[])

[Library/PackageCache/com.unity.probuilder@4.5.0/Editor/EditorCore/EditorUtility.cs line 593]

Invoked RoslynAnalysisRunner static constructor.
RoslynAnalysisRunner will not be running.
RoslynAnalysisRunner has terminated.
Mono: successfully reloaded assembly
- Completed reload, in  2.131 seconds
Platform modules already initialized, skipping
Shader 'Universal Render Pipeline/Particles/Lit': fallback shader 'Universal Render Pipeline/Particles/SimpleLit' not found
Shader 'Universal Render Pipeline/Particles/Lit': fallback shader 'Universal Render Pipeline/Particles/SimpleLit' not found
Refreshing native plugins compatible for Editor in 1.09 ms, found 0 plugins.
Preloading 0 native plugins for Editor in 0.00 ms.
Unloading 3335 Unused Serialized files (Serialized files now loaded: 0)
System memory in use before: 166.4 MB.
System memory in use after: 164.5 MB.

Unloading 39 unused Assets to reduce memory usage. Loaded Objects now: 4133.
Total: 7.976600 ms (FindLiveObjects: 0.552300 ms CreateObjectMapping: 0.252100 ms MarkObjects: 4.658500 ms  DeleteObjects: 2.511400 ms)

AssetImportWorkerClient::OnTransportError - code=2 error=End of file
